<?xml version="1.0" encoding="UTF-8"?>
<coverage generated="1651940891608" clover="3.2.0">
  <project timestamp="1651940891609" name="All files">
    <metrics statements="52" coveredstatements="10" conditionals="27" coveredconditionals="4" methods="23" coveredmethods="3" elements="102" coveredelements="17" complexity="0" loc="52" ncloc="52" packages="5" files="5" classes="5"/>
    <package name="src">
      <metrics statements="2" coveredstatements="2" conditionals="0" coveredconditionals="0" methods="0" coveredmethods="0"/>
      <file name="database.ts" path="/home/vitorcarneiro/driven/projects/19-projeto/sing-me-a-song/back-end/src/database.ts">
        <metrics statements="2" coveredstatements="2" conditionals="0" coveredconditionals="0" methods="0" coveredmethods="0"/>
        <line num="3" count="1" type="stmt"/>
        <line num="4" count="1" type="stmt"/>
      </file>
    </package>
    <package name="src.repositories">
      <metrics statements="12" coveredstatements="1" conditionals="1" coveredconditionals="0" methods="8" coveredmethods="0"/>
      <file name="recommendationRepository.ts" path="/home/vitorcarneiro/driven/projects/19-projeto/sing-me-a-song/back-end/src/repositories/recommendationRepository.ts">
        <metrics statements="12" coveredstatements="1" conditionals="1" coveredconditionals="0" methods="8" coveredmethods="0"/>
        <line num="6" count="0" type="stmt"/>
        <line num="17" count="0" type="stmt"/>
        <line num="19" count="0" type="stmt"/>
        <line num="26" count="0" type="stmt"/>
        <line num="35" count="0" type="cond" truecount="0" falsecount="1"/>
        <line num="37" count="0" type="stmt"/>
        <line num="39" count="0" type="stmt"/>
        <line num="45" count="0" type="stmt"/>
        <line num="51" count="0" type="stmt"/>
        <line num="57" count="0" type="stmt"/>
        <line num="66" count="0" type="stmt"/>
        <line num="71" count="1" type="stmt"/>
      </file>
    </package>
    <package name="src.services">
      <metrics statements="27" coveredstatements="5" conditionals="6" coveredconditionals="1" methods="9" coveredmethods="2"/>
      <file name="recommendationsService.ts" path="/home/vitorcarneiro/driven/projects/19-projeto/sing-me-a-song/back-end/src/services/recommendationsService.ts">
        <metrics statements="27" coveredstatements="5" conditionals="6" coveredconditionals="1" methods="9" coveredmethods="2"/>
        <line num="8" count="1" type="stmt"/>
        <line num="12" count="2" type="stmt"/>
        <line num="13" count="2" type="cond" truecount="1" falsecount="0"/>
        <line num="15" count="1" type="stmt"/>
        <line num="19" count="0" type="stmt"/>
        <line num="20" count="0" type="cond" truecount="0" falsecount="1"/>
        <line num="22" count="0" type="stmt"/>
        <line num="24" count="0" type="cond" truecount="0" falsecount="1"/>
        <line num="25" count="0" type="stmt"/>
        <line num="30" count="0" type="stmt"/>
        <line num="34" count="0" type="stmt"/>
        <line num="38" count="0" type="stmt"/>
        <line num="42" count="0" type="stmt"/>
        <line num="43" count="0" type="stmt"/>
        <line num="45" count="0" type="stmt"/>
        <line num="46" count="0" type="cond" truecount="0" falsecount="1"/>
        <line num="47" count="0" type="stmt"/>
        <line num="50" count="0" type="stmt"/>
        <line num="51" count="0" type="stmt"/>
        <line num="55" count="0" type="stmt"/>
        <line num="60" count="0" type="cond" truecount="0" falsecount="1"/>
        <line num="61" count="0" type="stmt"/>
        <line num="64" count="0" type="stmt"/>
        <line num="68" count="0" type="cond" truecount="0" falsecount="1"/>
        <line num="69" count="0" type="stmt"/>
        <line num="72" count="0" type="stmt"/>
        <line num="75" count="1" type="stmt"/>
      </file>
    </package>
    <package name="src.utils">
      <metrics statements="10" coveredstatements="1" conditionals="20" coveredconditionals="3" methods="6" coveredmethods="1"/>
      <file name="errorUtils.ts" path="/home/vitorcarneiro/driven/projects/19-projeto/sing-me-a-song/back-end/src/utils/errorUtils.ts">
        <metrics statements="10" coveredstatements="1" conditionals="20" coveredconditionals="3" methods="6" coveredmethods="1"/>
        <line num="8" count="0" type="stmt"/>
        <line num="12" count="0" type="cond" truecount="0" falsecount="1"/>
        <line num="13" count="0" type="cond" truecount="0" falsecount="1"/>
        <line num="14" count="0" type="cond" truecount="0" falsecount="1"/>
        <line num="15" count="0" type="cond" truecount="0" falsecount="1"/>
        <line num="16" count="0" type="stmt"/>
        <line num="20" count="0" type="cond" truecount="0" falsecount="4"/>
        <line num="24" count="1" type="cond" truecount="3" falsecount="1"/>
        <line num="28" count="0" type="cond" truecount="0" falsecount="4"/>
        <line num="32" count="0" type="cond" truecount="0" falsecount="4"/>
      </file>
    </package>
    <package name="tests.factories">
      <metrics statements="1" coveredstatements="1" conditionals="0" coveredconditionals="0" methods="0" coveredmethods="0"/>
      <file name="recomendationFactory.ts" path="/home/vitorcarneiro/driven/projects/19-projeto/sing-me-a-song/back-end/tests/factories/recomendationFactory.ts">
        <metrics statements="1" coveredstatements="1" conditionals="0" coveredconditionals="0" methods="0" coveredmethods="0"/>
        <line num="1" count="1" type="stmt"/>
      </file>
    </package>
  </project>
</coverage>
