TN:
SF:src/database.ts
FNF:0
FNH:0
DA:3,1
DA:4,1
LF:2
LH:2
BRF:0
BRH:0
end_of_record
TN:
SF:src/repositories/recommendationRepository.ts
FN:5,create
FN:16,findAll
FN:25,getAmountByScore
FN:32,getFindAllFilter
FN:44,find
FN:50,findByName
FN:56,updateScore
FN:65,remove
FNF:8
FNH:0
FNDA:0,create
FNDA:0,findAll
FNDA:0,getAmountByScore
FNDA:0,getFindAllFilter
FNDA:0,find
FNDA:0,findByName
FNDA:0,updateScore
FNDA:0,remove
DA:6,0
DA:17,0
DA:19,0
DA:26,0
DA:35,0
DA:37,0
DA:39,0
DA:45,0
DA:51,0
DA:57,0
DA:66,0
DA:71,1
LF:12
LH:1
BRDA:35,0,0,0
BRF:1
BRH:0
end_of_record
TN:
SF:src/services/recommendationsService.ts
FN:7,insert
FN:11,upvote
FN:18,downvote
FN:29,getById
FN:33,get
FN:37,getTop
FN:41,getRandom
FN:54,getByScore
FN:67,getScoreFilter
FNF:9
FNH:2
FNDA:1,insert
FNDA:2,upvote
FNDA:0,downvote
FNDA:0,getById
FNDA:0,get
FNDA:0,getTop
FNDA:0,getRandom
FNDA:0,getByScore
FNDA:0,getScoreFilter
DA:8,1
DA:12,2
DA:13,2
DA:15,1
DA:19,0
DA:20,0
DA:22,0
DA:24,0
DA:25,0
DA:30,0
DA:34,0
DA:38,0
DA:42,0
DA:43,0
DA:45,0
DA:46,0
DA:47,0
DA:50,0
DA:51,0
DA:55,0
DA:60,0
DA:61,0
DA:64,0
DA:68,0
DA:69,0
DA:72,0
DA:75,1
LF:27
LH:5
BRDA:13,0,0,1
BRDA:20,1,0,0
BRDA:24,2,0,0
BRDA:46,3,0,0
BRDA:60,4,0,0
BRDA:68,5,0,0
BRF:6
BRH:1
end_of_record
TN:
SF:src/utils/errorUtils.ts
FN:7,isAppError
FN:11,errorTypeToStatusCode
FN:19,conflictError
FN:23,notFoundError
FN:27,unauthorizedError
FN:31,wrongSchemaError
FNF:6
FNH:1
FNDA:0,isAppError
FNDA:0,errorTypeToStatusCode
FNDA:0,conflictError
FNDA:1,notFoundError
FNDA:0,unauthorizedError
FNDA:0,wrongSchemaError
DA:8,0
DA:12,0
DA:13,0
DA:14,0
DA:15,0
DA:16,0
DA:20,0
DA:24,1
DA:28,0
DA:32,0
LF:10
LH:1
BRDA:12,0,0,0
BRDA:13,1,0,0
BRDA:14,2,0,0
BRDA:15,3,0,0
BRDA:20,4,0,0
BRDA:20,4,1,0
BRDA:20,5,0,0
BRDA:20,5,1,0
BRDA:24,6,0,0
BRDA:24,6,1,1
BRDA:24,7,0,1
BRDA:24,7,1,1
BRDA:28,8,0,0
BRDA:28,8,1,0
BRDA:28,9,0,0
BRDA:28,9,1,0
BRDA:32,10,0,0
BRDA:32,10,1,0
BRDA:32,11,0,0
BRDA:32,11,1,0
BRF:20
BRH:3
end_of_record
TN:
SF:tests/factories/recomendationFactory.ts
FNF:0
FNH:0
DA:1,1
LF:1
LH:1
BRF:0
BRH:0
end_of_record
