TN:
SF:src/app.ts
FNF:0
FNH:0
DA:7,1
DA:8,1
DA:9,1
DA:11,1
DA:12,1
LF:5
LH:5
BRF:0
BRH:0
end_of_record
TN:
SF:src/database.ts
FNF:0
FNH:0
DA:3,2
DA:4,2
LF:2
LH:2
BRF:0
BRH:0
end_of_record
TN:
SF:src/controllers/recommendationController.ts
FN:6,insert
FN:17,upvote
FN:25,downvote
FN:33,random
FN:39,get
FN:44,getTop
FN:51,getById
FNF:7
FNH:5
FNDA:6,insert
FNDA:0,upvote
FNDA:0,downvote
FNDA:3,random
FNDA:1,get
FNDA:1,getTop
FNDA:2,getById
DA:7,6
DA:8,6
DA:9,5
DA:12,1
DA:14,1
DA:18,0
DA:20,0
DA:22,0
DA:26,0
DA:28,0
DA:30,0
DA:34,3
DA:36,1
DA:40,1
DA:41,1
DA:45,1
DA:47,1
DA:48,1
DA:52,2
DA:54,2
DA:55,2
DA:58,1
LF:22
LH:16
BRDA:8,0,0,5
BRF:1
BRH:1
end_of_record
TN:
SF:src/middlewares/errorHandlerMiddleware.ts
FN:8,errorHandlerMiddleware
FNF:1
FNH:1
FNDA:7,errorHandlerMiddleware
DA:14,7
DA:16,7
DA:17,7
DA:20,0
LF:4
LH:3
BRDA:16,0,0,7
BRF:1
BRH:1
end_of_record
TN:
SF:src/repositories/recommendationRepository.ts
FN:5,create
FN:16,findAll
FN:25,getAmountByScore
FN:32,getFindAllFilter
FN:44,find
FN:50,findByName
FN:56,updateScore
FN:65,remove
FNF:8
FNH:5
FNDA:1,create
FNDA:7,findAll
FNDA:1,getAmountByScore
FNDA:7,getFindAllFilter
FNDA:2,find
FNDA:0,findByName
FNDA:0,updateScore
FNDA:0,remove
DA:6,1
DA:17,7
DA:19,7
DA:26,1
DA:35,7
DA:37,3
DA:39,3
DA:45,2
DA:51,0
DA:57,0
DA:66,0
DA:71,2
LF:12
LH:9
BRDA:35,0,0,4
BRF:1
BRH:1
end_of_record
TN:
SF:src/routers/recommendationRouter.ts
FNF:0
FNH:0
DA:4,1
DA:6,1
DA:7,1
DA:8,1
DA:9,1
DA:10,1
DA:11,1
DA:12,1
LF:8
LH:8
BRF:0
BRH:0
end_of_record
TN:
SF:src/schemas/recommendationsSchemas.ts
FNF:0
FNH:0
DA:4,1
DA:6,1
LF:2
LH:2
BRF:0
BRH:0
end_of_record
TN:
SF:src/services/recommendationsService.ts
FN:7,insert
FN:11,upvote
FN:18,downvote
FN:29,getById
FN:33,get
FN:37,getTop
FN:41,getRandom
FN:54,getByScore
FN:67,getScoreFilter
FNF:9
FNH:9
FNDA:2,insert
FNDA:2,upvote
FNDA:3,downvote
FNDA:3,getById
FNDA:2,get
FNDA:2,getTop
FNDA:5,getRandom
FNDA:5,getByScore
FNDA:5,getScoreFilter
DA:8,2
DA:12,2
DA:13,2
DA:15,1
DA:19,3
DA:20,3
DA:22,2
DA:24,2
DA:25,1
DA:30,3
DA:34,2
DA:38,2
DA:42,5
DA:43,5
DA:45,5
DA:46,5
DA:47,3
DA:50,2
DA:51,2
DA:55,5
DA:60,5
DA:61,1
DA:64,4
DA:68,5
DA:69,3
DA:72,2
DA:75,2
LF:27
LH:27
BRDA:13,0,0,1
BRDA:20,1,0,1
BRDA:24,2,0,1
BRDA:46,3,0,3
BRDA:60,4,0,1
BRDA:68,5,0,3
BRF:6
BRH:6
end_of_record
TN:
SF:src/utils/errorUtils.ts
FN:7,isAppError
FN:11,errorTypeToStatusCode
FN:19,conflictError
FN:23,notFoundError
FN:27,unauthorizedError
FN:31,wrongSchemaError
FNF:6
FNH:4
FNDA:7,isAppError
FNDA:7,errorTypeToStatusCode
FNDA:0,conflictError
FNDA:5,notFoundError
FNDA:0,unauthorizedError
FNDA:5,wrongSchemaError
DA:8,7
DA:12,7
DA:13,7
DA:14,5
DA:15,5
DA:16,0
DA:20,0
DA:24,5
DA:28,0
DA:32,5
LF:10
LH:7
BRDA:12,0,0,0
BRDA:13,1,0,2
BRDA:14,2,0,0
BRDA:15,3,0,5
BRDA:20,4,0,0
BRDA:20,4,1,0
BRDA:20,5,0,0
BRDA:20,5,1,0
BRDA:24,6,0,0
BRDA:24,6,1,5
BRDA:24,7,0,5
BRDA:24,7,1,5
BRDA:28,8,0,0
BRDA:28,8,1,0
BRDA:28,9,0,0
BRDA:28,9,1,0
BRDA:32,10,0,0
BRDA:32,10,1,5
BRDA:32,11,0,5
BRDA:32,11,1,5
BRF:20
BRH:8
end_of_record
TN:
SF:tests/factories/recommendationFactory.ts
FN:13,recommendationBodyFactory
FN:20,recommendationDataFactory
FN:29,recommendationDataNoIdFactory
FN:37,(anonymous_3)
FNF:4
FNH:3
FNDA:23,recommendationBodyFactory
FNDA:0,recommendationDataFactory
FNDA:6,recommendationDataNoIdFactory
FNDA:29,(anonymous_3)
DA:3,2
DA:14,23
DA:21,0
DA:30,6
DA:37,2
DA:38,29
LF:6
LH:5
BRF:0
BRH:0
end_of_record
